<?xml version="1.0" encoding="UTF-8"?>
<!-- Generated by org.testng.reporters.JUnitXMLReporter -->
<testsuite hostname="lenovo" ignored="0" name="Test" tests="9" failures="1" timestamp="2020-08-26T10:38:11 IST" time="142.202" errors="0">
  <testcase name="launchQuizHomeTest" time="13.943" classname="com.stackroute.finalcasestudy.test.HomePageTest"/>
  <testcase name="launchInvalidPageTest" time="4.689" classname="com.stackroute.finalcasestudy.test.InvalidPageTest"/>
  <testcase name="playFirstSampleQuizTest" time="5.216" classname="com.stackroute.finalcasestudy.test.FirstSampleQuizTest"/>
  <testcase name="scenario" time="6.708" classname="com.stackroute.finalcasestudy.cucumber.CucumberRunnerTest"/>
  <testcase name="scenario" time="2.15" classname="com.stackroute.finalcasestudy.cucumber.CucumberRunnerTest"/>
  <testcase name="modifyFirstSampleQuiz" time="13.19" classname="com.stackroute.finalcasestudy.test.ManageQuizTest"/>
  <testcase name="deleteQuestionFromFirstSampleQuiz" time="6.829" classname="com.stackroute.finalcasestudy.test.ManageQuizTest"/>
  <testcase name="createQuizAndVerify" time="12.091" classname="com.stackroute.finalcasestudy.test.ManageQuizTest">
    <failure type="org.openqa.selenium.NoSuchElementException" message="no such element: Unable to locate element: {&amp;quot;method&amp;quot;:&amp;quot;xpath&amp;quot;,&amp;quot;selector&amp;quot;:&amp;quot;//label[text()=&amp;quot;Quizz name &amp;quot;]/../../input&amp;quot;}
  (Session info: chrome=84.0.4147.135)
For documentation on this error, please visit: https://www.seleniumhq.org/exceptions/no_such_element.html
Build info: version: &amp;apos;3.141.59&amp;apos;, revision: &amp;apos;e82be7d358&amp;apos;, time: &amp;apos;2018-11-14T08:17:03&amp;apos;
System info: host: &amp;apos;LENOVO&amp;apos;, ip: &amp;apos;192.168.0.109&amp;apos;, os.name: &amp;apos;Windows 8.1&amp;apos;, os.arch: &amp;apos;x86&amp;apos;, os.version: &amp;apos;6.3&amp;apos;, java.version: &amp;apos;1.8.0_261&amp;apos;
Driver info: org.openqa.selenium.chrome.ChromeDriver
Capabilities {acceptInsecureCerts: false, browserName: chrome, browserVersion: 84.0.4147.135, chrome: {chromedriverVersion: 84.0.4147.30 (48b3e868b4cc0..., userDataDir: C:\Users\David\AppData\Loca...}, goog:chromeOptions: {debuggerAddress: localhost:52002}, javascriptEnabled: true, networkConnectionEnabled: false, pageLoadStrategy: normal, platform: WINDOWS, platformName: WINDOWS, proxy: Proxy(), setWindowRect: true, strictFileInteractability: false, timeouts: {implicit: 0, pageLoad: 300000, script: 30000}, unhandledPromptBehavior: dismiss and notify, webauthn:virtualAuthenticators: true}
Session ID: 29425176a7f54af2def4ca9839c04fef
*** Element info: {Using=xpath, value=//label[text()=&amp;quot;Quizz name &amp;quot;]/../../input}">
      <![CDATA[org.openqa.selenium.NoSuchElementException: no such element: Unable to locate element: {"method":"xpath","selector":"//label[text()="Quizz name "]/../../input"}
  (Session info: chrome=84.0.4147.135)
For documentation on this error, please visit: https://www.seleniumhq.org/exceptions/no_such_element.html
Build info: version: '3.141.59', revision: 'e82be7d358', time: '2018-11-14T08:17:03'
System info: host: 'LENOVO', ip: '192.168.0.109', os.name: 'Windows 8.1', os.arch: 'x86', os.version: '6.3', java.version: '1.8.0_261'
Driver info: org.openqa.selenium.chrome.ChromeDriver
Capabilities {acceptInsecureCerts: false, browserName: chrome, browserVersion: 84.0.4147.135, chrome: {chromedriverVersion: 84.0.4147.30 (48b3e868b4cc0..., userDataDir: C:\Users\David\AppData\Loca...}, goog:chromeOptions: {debuggerAddress: localhost:52002}, javascriptEnabled: true, networkConnectionEnabled: false, pageLoadStrategy: normal, platform: WINDOWS, platformName: WINDOWS, proxy: Proxy(), setWindowRect: true, strictFileInteractability: false, timeouts: {implicit: 0, pageLoad: 300000, script: 30000}, unhandledPromptBehavior: dismiss and notify, webauthn:virtualAuthenticators: true}
Session ID: 29425176a7f54af2def4ca9839c04fef
*** Element info: {Using=xpath, value=//label[text()="Quizz name "]/../../input}
at org.openqa.selenium.remote.http.W3CHttpResponseCodec.createException(W3CHttpResponseCodec.java:187)
at org.openqa.selenium.remote.http.W3CHttpResponseCodec.decode(W3CHttpResponseCodec.java:122)
at org.openqa.selenium.remote.http.W3CHttpResponseCodec.decode(W3CHttpResponseCodec.java:49)
at org.openqa.selenium.remote.HttpCommandExecutor.execute(HttpCommandExecutor.java:158)
at org.openqa.selenium.remote.service.DriverCommandExecutor.execute(DriverCommandExecutor.java:83)
at org.openqa.selenium.remote.RemoteWebDriver.execute(RemoteWebDriver.java:552)
at org.openqa.selenium.remote.RemoteWebDriver.findElement(RemoteWebDriver.java:323)
at org.openqa.selenium.remote.RemoteWebDriver.findElementByXPath(RemoteWebDriver.java:428)
at org.openqa.selenium.By$ByXPath.findElement(By.java:353)
at org.openqa.selenium.remote.RemoteWebDriver.findElement(RemoteWebDriver.java:315)
at org.openqa.selenium.support.pagefactory.DefaultElementLocator.findElement(DefaultElementLocator.java:69)
at org.openqa.selenium.support.pagefactory.internal.LocatingElementHandler.invoke(LocatingElementHandler.java:38)
at com.sun.proxy.$Proxy15.getAttribute(Unknown Source)
at com.stackroute.finalcasestudy.pages.ManageNewQuizPage.checkIfNewQuizManageLoaded(ManageNewQuizPage.java:93)
at com.stackroute.finalcasestudy.pages.ManageNewQuizPage.verifyNewQuizLaunched(ManageNewQuizPage.java:86)
at com.stackroute.finalcasestudy.test.ManageQuizTest.createQuizAndVerify(ManageQuizTest.java:87)
at java.util.ArrayList.forEach(Unknown Source)
... Removed 30 stack frames]]>
    </failure>
  </testcase> <!-- createQuizAndVerify -->
  <testcase name="addNewQuizAndVerifyTest" time="8.425" classname="com.stackroute.finalcasestudy.test.AddNewQuizTest"/>
</testsuite> <!-- Test -->
